<?xml version="1.0" encoding="UTF-8"?>
<robot generator="Robot 4.0.1 (Python 3.9.4 on win32)" generated="20210429 10:58:04.736" rpa="false" schemaversion="2">
<suite id="s1" name="inputBox" source="C:\Users\Ali\PycharmProjects\studentSelenium\TestCases\inputBox.robot">
<test id="s1-t1" name="TestingInputBox">
<kw name="Open Browser" library="SeleniumLibrary">
<arg>${url}</arg>
<doc>Opens a new browser instance to the optional ``url``.</doc>
<msg timestamp="20210429 10:58:06.504" level="INFO">Opening browser 'firefox' to base url 'https://demo.nopcommerce.com/'.</msg>
<msg timestamp="20210429 10:58:06.514" level="INFO">Firefox driver log is always forced to to: C:\Users\Ali\PycharmProjects\studentSelenium\geckodriver-5.log</msg>
<status status="PASS" starttime="20210429 10:58:06.501" endtime="20210429 10:58:19.756"/>
</kw>
<kw name="TextFieldCheck">
<kw name="Maximize Browser Window" library="SeleniumLibrary">
<doc>Maximizes current browser window.</doc>
<status status="PASS" starttime="20210429 10:58:19.759" endtime="20210429 10:58:20.046"/>
</kw>
<kw name="Title Should Be" library="SeleniumLibrary">
<arg>nopCommerce demo store</arg>
<doc>Verifies that the current page title equals ``title``.</doc>
<msg timestamp="20210429 10:58:20.054" level="INFO">Page title is 'nopCommerce demo store'.</msg>
<status status="PASS" starttime="20210429 10:58:20.047" endtime="20210429 10:58:20.055"/>
</kw>
<kw name="Click Link" library="SeleniumLibrary">
<arg>xpath://a[@class='ico-login']</arg>
<doc>Clicks a link identified by ``locator``.</doc>
<msg timestamp="20210429 10:58:20.056" level="INFO">Clicking link 'xpath://a[@class='ico-login']'.</msg>
<status status="PASS" starttime="20210429 10:58:20.055" endtime="20210429 10:58:21.047"/>
</kw>
<kw name="Set Variable" library="BuiltIn">
<var>${email_txt}</var>
<arg>xpath://input[@id='Email']</arg>
<doc>Returns the given values which can then be assigned to a variables.</doc>
<msg timestamp="20210429 10:58:21.048" level="INFO">${email_txt} = xpath://input[@id='Email']</msg>
<status status="PASS" starttime="20210429 10:58:21.047" endtime="20210429 10:58:21.048"/>
</kw>
<kw name="Element Should Be Visible" library="SeleniumLibrary">
<arg>${email_txt}</arg>
<doc>Verifies that the element identified by ``locator`` is visible.</doc>
<msg timestamp="20210429 10:58:21.138" level="INFO">Element 'xpath://input[@id='Email']' is displayed.</msg>
<status status="PASS" starttime="20210429 10:58:21.048" endtime="20210429 10:58:21.138"/>
</kw>
<kw name="Element Should Be Enabled" library="SeleniumLibrary">
<arg>${email_txt}</arg>
<doc>Verifies that element identified by ``locator`` is enabled.</doc>
<status status="PASS" starttime="20210429 10:58:21.138" endtime="20210429 10:58:21.185"/>
</kw>
<kw name="Input Text" library="SeleniumLibrary">
<arg>${email_txt}</arg>
<arg>ksjhfd.sdfsd@gmail.com</arg>
<doc>Types the given ``text`` into the text field identified by ``locator``.</doc>
<msg timestamp="20210429 10:58:21.186" level="INFO">Typing text 'ksjhfd.sdfsd@gmail.com' into text field 'xpath://input[@id='Email']'.</msg>
<status status="PASS" starttime="20210429 10:58:21.185" endtime="20210429 10:58:21.314"/>
</kw>
<kw name="Sleep" library="BuiltIn">
<arg>3</arg>
<doc>Pauses the test executed for the given time.</doc>
<msg timestamp="20210429 10:58:24.326" level="INFO">Slept 3 seconds</msg>
<status status="PASS" starttime="20210429 10:58:21.314" endtime="20210429 10:58:24.326"/>
</kw>
<kw name="Clear Element Text" library="SeleniumLibrary">
<arg>${email_txt}</arg>
<doc>Clears the value of the text-input-element identified by ``locator``.</doc>
<status status="PASS" starttime="20210429 10:58:24.326" endtime="20210429 10:58:24.353"/>
</kw>
<kw name="Sleep" library="BuiltIn">
<arg>3</arg>
<doc>Pauses the test executed for the given time.</doc>
<msg timestamp="20210429 10:58:27.361" level="INFO">Slept 3 seconds</msg>
<status status="PASS" starttime="20210429 10:58:24.354" endtime="20210429 10:58:27.361"/>
</kw>
<status status="PASS" starttime="20210429 10:58:19.758" endtime="20210429 10:58:27.361"/>
</kw>
<kw name="Close Browser" library="SeleniumLibrary">
<doc>Closes the current browser.</doc>
<status status="PASS" starttime="20210429 10:58:27.362" endtime="20210429 10:58:28.941"/>
</kw>
<status status="PASS" starttime="20210429 10:58:06.446" endtime="20210429 10:58:28.942"/>
</test>
<status status="PASS" starttime="20210429 10:58:04.742" endtime="20210429 10:58:28.945"/>
</suite>
<statistics>
<total>
<stat pass="1" fail="0" skip="0">All Tests</stat>
</total>
<tag>
</tag>
<suite>
<stat pass="1" fail="0" skip="0" id="s1" name="inputBox">inputBox</stat>
</suite>
</statistics>
<errors>
</errors>
</robot>
